<?xml version="1.0" encoding="UTF-8"?>
<!-- Generated by org.testng.reporters.JUnitReportReporter -->
<testsuite hostname="LokeshJammi-PC" failures="0" tests="1" name="TestNG_Script.ApiAutomation" time="1.218" errors="0" timestamp="2022-01-18T18:26:47 IST" skipped="0">
  <testcase classname="TestNG_Script.ApiAutomation" name="runScript" time="1.218"/>
  <system-out/>
</testsuite> <!-- TestNG_Script.ApiAutomation -->
